<?xml version="1.0" encoding="UTF-8"?>
<!-- Generated by org.testng.reporters.JUnitXMLReporter -->
<testsuite ignored="0" hostname="apples-iMac.local" failures="0" tests="2" name="Run on Chrome" time="8.51" errors="0" timestamp="22 Jun 2023 10:10:52 GMT">
  <testcase classname="com.nopcommerce.user.Level_22_Data_Driven_Testing_II" name="User_01_Register" time="2.876"/>
  <testcase classname="com.nopcommerce.user.Level_22_Data_Driven_Testing_II" name="User_02_Login" time="1.251"/>
</testsuite> <!-- Run on Chrome -->
