<?xml version="1.0" encoding="UTF-8"?>
<!-- Generated by org.testng.reporters.JUnitXMLReporter -->
<testsuite ignored="0" hostname="apples-iMac.local" failures="0" tests="2" name="Run on Chrome" time="9.017" errors="0" timestamp="21 Jun 2023 11:10:17 GMT">
  <testcase classname="com.nopcommerce.user.Level_22_Data_Driven_Testing_I" name="User_01_Register" time="3.211"/>
  <testcase classname="com.nopcommerce.user.Level_22_Data_Driven_Testing_I" name="User_02_Login" time="1.528"/>
</testsuite> <!-- Run on Chrome -->
